[0707/171711.798:ERROR:process_reader_win.cc(188)] ResumeThread: The parameter is incorrect. (0x57)
[0707/171711.813:ERROR:process_reader_win.cc(151)] SuspendThread: Access is denied. (0x5)
[0707/171711.813:ERROR:process_reader_win.cc(151)] SuspendThread: Access is denied. (0x5)
[0707/171711.813:ERROR:process_reader_win.cc(151)] SuspendThread: Access is denied. (0x5)
[0707/171711.813:ERROR:process_reader_win.cc(151)] SuspendThread: Access is denied. (0x5)
[0707/171711.813:ERROR:process_reader_win.cc(151)] SuspendThread: Access is denied. (0x5)
[0707/171711.813:ERROR:process_reader_win.cc(151)] SuspendThread: Access is denied. (0x5)
[0707/171711.813:ERROR:process_reader_win.cc(151)] SuspendThread: Access is denied. (0x5)
[0707/171711.815:ERROR:process_reader_win.cc(151)] SuspendThread: Access is denied. (0x5)
[0707/171711.815:ERROR:process_reader_win.cc(151)] SuspendThread: Access is denied. (0x5)
[0707/171711.815:ERROR:process_reader_win.cc(151)] SuspendThread: Access is denied. (0x5)
[0707/171711.968:ERROR:process_memory_win.cc(73)] ReadMemory at 0x1ffc8513c60 of 72 bytes failed: Only part of a ReadProcessMemory or WriteProcessMemory request was completed. (0x12B)
[0707/171711.968:WARNING:pe_image_annotations_reader.cc(134)] could not read annotations list object in C:\Program Files (x86)\Google\Chrome\Application\83.0.4103.116\chrome_elf.dll
[0707/171711.968:ERROR:process_memory_win.cc(73)] ReadMemory at 0x1ffc8bb6260 of 72 bytes failed: Only part of a ReadProcessMemory or WriteProcessMemory request was completed. (0x12B)
[0707/171711.968:WARNING:pe_image_annotations_reader.cc(134)] could not read annotations list object in C:\Program Files (x86)\Google\Chrome\Application\83.0.4103.116\chrome.dll
[0707/171711.970:ERROR:process_memory_win.cc(73)] ReadMemory at 0x1ffc8aa0000 of 64 bytes failed: Only part of a ReadProcessMemory or WriteProcessMemory request was completed. (0x12B)
[0707/171711.970:WARNING:pe_image_reader.cc(340)] could not read dos header from C:\Windows\System32\shlwapi.dll
[0707/171711.970:ERROR:process_memory_win.cc(73)] ReadMemory at 0x1ffc8513c60 of 72 bytes failed: Only part of a ReadProcessMemory or WriteProcessMemory request was completed. (0x12B)
[0707/171711.970:WARNING:pe_image_annotations_reader.cc(134)] could not read annotations list object in C:\Program Files (x86)\Google\Chrome\Application\83.0.4103.116\chrome_elf.dll
[0707/171711.970:ERROR:process_memory_win.cc(73)] ReadMemory at 0x1ffc8bb6260 of 72 bytes failed: Only part of a ReadProcessMemory or WriteProcessMemory request was completed. (0x12B)
[0707/171711.970:WARNING:pe_image_annotations_reader.cc(134)] could not read annotations list object in C:\Program Files (x86)\Google\Chrome\Application\83.0.4103.116\chrome.dll
[0707/171711.971:ERROR:process_memory_win.cc(73)] ReadMemory at 0x1ffc8aa0000 of 64 bytes failed: Only part of a ReadProcessMemory or WriteProcessMemory request was completed. (0x12B)
[0707/171711.971:WARNING:pe_image_reader.cc(340)] could not read dos header from C:\Windows\System32\shlwapi.dll
[0707/171711.981:ERROR:process_memory_win.cc(73)] ReadMemory at 0x9b7d5f5000 of 45056 bytes failed: Only part of a ReadProcessMemory or WriteProcessMemory request was completed. (0x12B)
[0707/171711.981:ERROR:process_memory_win.cc(73)] ReadMemory at 0x9b7ddfd000 of 12288 bytes failed: Only part of a ReadProcessMemory or WriteProcessMemory request was completed. (0x12B)
[0707/171711.981:ERROR:process_memory_win.cc(73)] ReadMemory at 0x9b7e5f7000 of 36864 bytes failed: Only part of a ReadProcessMemory or WriteProcessMemory request was completed. (0x12B)
[0707/171711.981:ERROR:process_memory_win.cc(73)] ReadMemory at 0x9b7cd4b000 of 852 bytes failed: Only part of a ReadProcessMemory or WriteProcessMemory request was completed. (0x12B)
[0707/171711.982:ERROR:process_memory_win.cc(73)] ReadMemory at 0x9b7cd4c000 of 6024 bytes failed: Only part of a ReadProcessMemory or WriteProcessMemory request was completed. (0x12B)
[0707/171711.982:ERROR:process_memory_win.cc(73)] ReadMemory at 0x9b7cd4e000 of 6024 bytes failed: Only part of a ReadProcessMemory or WriteProcessMemory request was completed. (0x12B)
[0707/171711.982:ERROR:process_memory_win.cc(73)] ReadMemory at 0x9b7cd50000 of 6024 bytes failed: Only part of a ReadProcessMemory or WriteProcessMemory request was completed. (0x12B)
[0707/171711.982:ERROR:process_memory_win.cc(73)] ReadMemory at 0x1ffc8590750 of 80 bytes failed: Only part of a ReadProcessMemory or WriteProcessMemory request was completed. (0x12B)
[0707/171711.982:ERROR:process_memory_win.cc(73)] ReadMemory at 0x1ffc8590fe0 of 6648 bytes failed: Only part of a ReadProcessMemory or WriteProcessMemory request was completed. (0x12B)
[0707/171711.982:ERROR:process_memory_win.cc(73)] ReadMemory at 0x1ffc85929e0 of 1012 bytes failed: Only part of a ReadProcessMemory or WriteProcessMemory request was completed. (0x12B)
[0707/171711.982:ERROR:process_memory_win.cc(73)] ReadMemory at 0x1ffc8593028 of 118 bytes failed: Only part of a ReadProcessMemory or WriteProcessMemory request was completed. (0x12B)
[0707/171711.982:ERROR:process_memory_win.cc(73)] ReadMemory at 0x1ffc85930a0 of 1262 bytes failed: Only part of a ReadProcessMemory or WriteProcessMemory request was completed. (0x12B)
[0707/171711.982:ERROR:process_memory_win.cc(73)] ReadMemory at 0x1ffc8593590 of 118 bytes failed: Only part of a ReadProcessMemory or WriteProcessMemory request was completed. (0x12B)
[0707/171711.982:ERROR:process_memory_win.cc(73)] ReadMemory at 0x1ffc8593608 of 102 bytes failed: Only part of a ReadProcessMemory or WriteProcessMemory request was completed. (0x12B)
[0707/171711.982:ERROR:process_memory_win.cc(73)] ReadMemory at 0x1ffc8593680 of 58 bytes failed: Only part of a ReadProcessMemory or WriteProcessMemory request was completed. (0x12B)
[0707/171711.982:ERROR:process_memory_win.cc(73)] ReadMemory at 0x1ffc8593780 of 132 bytes failed: Only part of a ReadProcessMemory or WriteProcessMemory request was completed. (0x12B)
[0707/171711.982:ERROR:process_memory_win.cc(73)] ReadMemory at 0x1ffc8593910 of 132 bytes failed: Only part of a ReadProcessMemory or WriteProcessMemory request was completed. (0x12B)
[0707/171711.982:ERROR:process_memory_win.cc(73)] ReadMemory at 0x1ffc8593ad0 of 126 bytes failed: Only part of a ReadProcessMemory or WriteProcessMemory request was completed. (0x12B)
[0707/171711.983:ERROR:process_memory_win.cc(73)] ReadMemory at 0x1ffc8593eb0 of 132 bytes failed: Only part of a ReadProcessMemory or WriteProcessMemory request was completed. (0x12B)
[0707/171711.983:ERROR:process_memory_win.cc(73)] ReadMemory at 0x1ffc8594040 of 64 bytes failed: Only part of a ReadProcessMemory or WriteProcessMemory request was completed. (0x12B)
[0707/171711.983:ERROR:process_memory_win.cc(73)] ReadMemory at 0x1ffc8594200 of 132 bytes failed: Only part of a ReadProcessMemory or WriteProcessMemory request was completed. (0x12B)
[0707/171711.983:ERROR:process_memory_win.cc(73)] ReadMemory at 0x1ffc85944a0 of 132 bytes failed: Only part of a ReadProcessMemory or WriteProcessMemory request was completed. (0x12B)
[0707/171711.983:ERROR:process_memory_win.cc(73)] ReadMemory at 0x1ffc8594630 of 68 bytes failed: Only part of a ReadProcessMemory or WriteProcessMemory request was completed. (0x12B)
[0707/171711.983:ERROR:process_memory_win.cc(73)] ReadMemory at 0x1ffc85957f0 of 132 bytes failed: Only part of a ReadProcessMemory or WriteProcessMemory request was completed. (0x12B)
[0707/171711.983:ERROR:process_memory_win.cc(73)] ReadMemory at 0x1ffc8595980 of 154 bytes failed: Only part of a ReadProcessMemory or WriteProcessMemory request was completed. (0x12B)
[0707/171711.983:ERROR:process_memory_win.cc(73)] ReadMemory at 0x1ffc85966bc of 512 bytes failed: Only part of a ReadProcessMemory or WriteProcessMemory request was completed. (0x12B)
[0707/171711.983:ERROR:process_memory_win.cc(73)] ReadMemory at 0x1ffc8596e10 of 132 bytes failed: Only part of a ReadProcessMemory or WriteProcessMemory request was completed. (0x12B)
[0707/171711.983:ERROR:process_memory_win.cc(73)] ReadMemory at 0x1ffc8597ac0 of 62 bytes failed: Only part of a ReadProcessMemory or WriteProcessMemory request was completed. (0x12B)
[0707/171711.983:ERROR:process_memory_win.cc(73)] ReadMemory at 0x1ffc8597b10 of 132 bytes failed: Only part of a ReadProcessMemory or WriteProcessMemory request was completed. (0x12B)
[0707/171711.983:ERROR:process_memory_win.cc(73)] ReadMemory at 0x1ffc8597cb0 of 132 bytes failed: Only part of a ReadProcessMemory or WriteProcessMemory request was completed. (0x12B)
[0707/171711.983:ERROR:process_memory_win.cc(73)] ReadMemory at 0x1ffc8597de0 of 60 bytes failed: Only part of a ReadProcessMemory or WriteProcessMemory request was completed. (0x12B)
[0707/171711.983:ERROR:process_memory_win.cc(73)] ReadMemory at 0x1ffc8598b00 of 132 bytes failed: Only part of a ReadProcessMemory or WriteProcessMemory request was completed. (0x12B)
[0707/171711.983:ERROR:process_memory_win.cc(73)] ReadMemory at 0x1ffc8598d20 of 132 bytes failed: Only part of a ReadProcessMemory or WriteProcessMemory request was completed. (0x12B)
[0707/171711.983:ERROR:process_memory_win.cc(73)] ReadMemory at 0x1ffc8599080 of 132 bytes failed: Only part of a ReadProcessMemory or WriteProcessMemory request was completed. (0x12B)
[0707/171711.983:ERROR:process_memory_win.cc(73)] ReadMemory at 0x1ffc8599200 of 132 bytes failed: Only part of a ReadProcessMemory or WriteProcessMemory request was completed. (0x12B)
[0707/171711.984:ERROR:process_memory_win.cc(73)] ReadMemory at 0x1ffc859c330 of 64 bytes failed: Only part of a ReadProcessMemory or WriteProcessMemory request was completed. (0x12B)
[0707/171711.984:ERROR:process_memory_win.cc(73)] ReadMemory at 0x1ffc859c420 of 60 bytes failed: Only part of a ReadProcessMemory or WriteProcessMemory request was completed. (0x12B)
[0707/171711.984:ERROR:process_memory_win.cc(73)] ReadMemory at 0x1ffc859c470 of 64 bytes failed: Only part of a ReadProcessMemory or WriteProcessMemory request was completed. (0x12B)
[0707/171711.984:ERROR:process_memory_win.cc(73)] ReadMemory at 0x1ffc859c4c0 of 60 bytes failed: Only part of a ReadProcessMemory or WriteProcessMemory request was completed. (0x12B)
[0707/171711.984:ERROR:process_memory_win.cc(73)] ReadMemory at 0x1ffc859c650 of 66 bytes failed: Only part of a ReadProcessMemory or WriteProcessMemory request was completed. (0x12B)
[0707/171711.984:ERROR:process_memory_win.cc(73)] ReadMemory at 0x1ffc859c6a0 of 64 bytes failed: Only part of a ReadProcessMemory or WriteProcessMemory request was completed. (0x12B)
[0707/171711.984:ERROR:process_memory_win.cc(73)] ReadMemory at 0x1ffc859c6f0 of 64 bytes failed: Only part of a ReadProcessMemory or WriteProcessMemory request was completed. (0x12B)
[0707/171711.984:ERROR:process_memory_win.cc(73)] ReadMemory at 0x1ffc859c740 of 62 bytes failed: Only part of a ReadProcessMemory or WriteProcessMemory request was completed. (0x12B)
[0707/171711.984:ERROR:process_memory_win.cc(73)] ReadMemory at 0x1ffc859c790 of 62 bytes failed: Only part of a ReadProcessMemory or WriteProcessMemory request was completed. (0x12B)
[0707/171711.984:ERROR:process_memory_win.cc(73)] ReadMemory at 0x1ffc859d5d0 of 80 bytes failed: Only part of a ReadProcessMemory or WriteProcessMemory request was completed. (0x12B)
[0707/171711.984:ERROR:process_memory_win.cc(73)] ReadMemory at 0x1ffc859d690 of 78 bytes failed: Only part of a ReadProcessMemory or WriteProcessMemory request was completed. (0x12B)
[0707/171711.984:ERROR:process_memory_win.cc(73)] ReadMemory at 0x1ffc859d810 of 76 bytes failed: Only part of a ReadProcessMemory or WriteProcessMemory request was completed. (0x12B)
[0707/171711.984:ERROR:process_memory_win.cc(73)] ReadMemory at 0x1ffc859fe40 of 54 bytes failed: Only part of a ReadProcessMemory or WriteProcessMemory request was completed. (0x12B)
[0707/171711.984:ERROR:process_memory_win.cc(73)] ReadMemory at 0x1ffc85a0a70 of 146 bytes failed: Only part of a ReadProcessMemory or WriteProcessMemory request was completed. (0x12B)
[0707/171711.985:ERROR:process_memory_win.cc(73)] ReadMemory at 0x1ffc85a1490 of 132 bytes failed: Only part of a ReadProcessMemory or WriteProcessMemory request was completed. (0x12B)
[0707/171711.985:ERROR:process_memory_win.cc(73)] ReadMemory at 0x1ffc85a17e0 of 132 bytes failed: Only part of a ReadProcessMemory or WriteProcessMemory request was completed. (0x12B)
[0707/171711.985:ERROR:process_memory_win.cc(73)] ReadMemory at 0x1ffc85a2170 of 132 bytes failed: Only part of a ReadProcessMemory or WriteProcessMemory request was completed. (0x12B)
[0707/171711.985:ERROR:process_memory_win.cc(73)] ReadMemory at 0x1ffc85a5800 of 132 bytes failed: Only part of a ReadProcessMemory or WriteProcessMemory request was completed. (0x12B)
[0707/171711.985:ERROR:process_memory_win.cc(73)] ReadMemory at 0x1ffc85a5930 of 132 bytes failed: Only part of a ReadProcessMemory or WriteProcessMemory request was completed. (0x12B)
[0707/171711.985:ERROR:process_memory_win.cc(73)] ReadMemory at 0x1ffc85a5a60 of 132 bytes failed: Only part of a ReadProcessMemory or WriteProcessMemory request was completed. (0x12B)
[0707/171711.985:ERROR:process_memory_win.cc(73)] ReadMemory at 0x1ffc85a5b90 of 132 bytes failed: Only part of a ReadProcessMemory or WriteProcessMemory request was completed. (0x12B)
[0707/171711.985:ERROR:process_memory_win.cc(73)] ReadMemory at 0x1ffc85a5cc0 of 132 bytes failed: Only part of a ReadProcessMemory or WriteProcessMemory request was completed. (0x12B)
[0707/171711.985:ERROR:process_memory_win.cc(73)] ReadMemory at 0x1ffc85a5df0 of 132 bytes failed: Only part of a ReadProcessMemory or WriteProcessMemory request was completed. (0x12B)
[0707/171711.985:ERROR:process_memory_win.cc(73)] ReadMemory at 0x1ffc85a5f20 of 132 bytes failed: Only part of a ReadProcessMemory or WriteProcessMemory request was completed. (0x12B)
[0707/171711.985:ERROR:process_memory_win.cc(73)] ReadMemory at 0x1ffc85a6050 of 132 bytes failed: Only part of a ReadProcessMemory or WriteProcessMemory request was completed. (0x12B)
[0707/171711.986:ERROR:process_memory_win.cc(73)] ReadMemory at 0x1ffc85a62b0 of 132 bytes failed: Only part of a ReadProcessMemory or WriteProcessMemory request was completed. (0x12B)
[0707/171711.986:ERROR:process_memory_win.cc(73)] ReadMemory at 0x1ffc85a63e0 of 132 bytes failed: Only part of a ReadProcessMemory or WriteProcessMemory request was completed. (0x12B)
[0707/171711.986:ERROR:process_memory_win.cc(73)] ReadMemory at 0x1ffc85a6510 of 132 bytes failed: Only part of a ReadProcessMemory or WriteProcessMemory request was completed. (0x12B)
[0707/171711.986:ERROR:process_memory_win.cc(73)] ReadMemory at 0x1ffc85a6640 of 132 bytes failed: Only part of a ReadProcessMemory or WriteProcessMemory request was completed. (0x12B)
[0707/171711.986:ERROR:process_memory_win.cc(73)] ReadMemory at 0x1ffc85a7020 of 62 bytes failed: Only part of a ReadProcessMemory or WriteProcessMemory request was completed. (0x12B)
[0707/171711.986:ERROR:process_memory_win.cc(73)] ReadMemory at 0x1ffc85a7070 of 62 bytes failed: Only part of a ReadProcessMemory or WriteProcessMemory request was completed. (0x12B)
[0707/171711.986:ERROR:process_memory_win.cc(73)] ReadMemory at 0x1ffc85a70c0 of 64 bytes failed: Only part of a ReadProcessMemory or WriteProcessMemory request was completed. (0x12B)
[0707/171711.986:ERROR:process_memory_win.cc(73)] ReadMemory at 0x1ffc85a7200 of 64 bytes failed: Only part of a ReadProcessMemory or WriteProcessMemory request was completed. (0x12B)
[0707/171711.986:ERROR:process_memory_win.cc(73)] ReadMemory at 0x1ffc85a72f0 of 62 bytes failed: Only part of a ReadProcessMemory or WriteProcessMemory request was completed. (0x12B)
[0707/171711.986:ERROR:process_memory_win.cc(73)] ReadMemory at 0x1ffc85a7340 of 60 bytes failed: Only part of a ReadProcessMemory or WriteProcessMemory request was completed. (0x12B)
[0707/171711.986:ERROR:process_memory_win.cc(73)] ReadMemory at 0x1ffc85a7430 of 62 bytes failed: Only part of a ReadProcessMemory or WriteProcessMemory request was completed. (0x12B)
[0707/171711.986:ERROR:process_memory_win.cc(73)] ReadMemory at 0x1ffc85a7480 of 60 bytes failed: Only part of a ReadProcessMemory or WriteProcessMemory request was completed. (0x12B)
[0707/171711.986:ERROR:process_memory_win.cc(73)] ReadMemory at 0x1ffc85a7520 of 64 bytes failed: Only part of a ReadProcessMemory or WriteProcessMemory request was completed. (0x12B)
[0707/171711.986:ERROR:process_memory_win.cc(73)] ReadMemory at 0x1ffc85a76b0 of 62 bytes failed: Only part of a ReadProcessMemory or WriteProcessMemory request was completed. (0x12B)
[0707/171711.987:ERROR:process_memory_win.cc(73)] ReadMemory at 0x1ffc85a7890 of 64 bytes failed: Only part of a ReadProcessMemory or WriteProcessMemory request was completed. (0x12B)
[0707/171711.987:ERROR:process_memory_win.cc(73)] ReadMemory at 0x1ffc85a7930 of 64 bytes failed: Only part of a ReadProcessMemory or WriteProcessMemory request was completed. (0x12B)
[0707/171711.987:ERROR:process_memory_win.cc(73)] ReadMemory at 0x1ffc85a7980 of 58 bytes failed: Only part of a ReadProcessMemory or WriteProcessMemory request was completed. (0x12B)
[0707/171711.987:ERROR:process_memory_win.cc(73)] ReadMemory at 0x1ffc85a7a20 of 60 bytes failed: Only part of a ReadProcessMemory or WriteProcessMemory request was completed. (0x12B)
[0707/171711.987:ERROR:process_memory_win.cc(73)] ReadMemory at 0x1ffc85a7a70 of 60 bytes failed: Only part of a ReadProcessMemory or WriteProcessMemory request was completed. (0x12B)
[0707/171711.987:ERROR:process_memory_win.cc(73)] ReadMemory at 0x1ffc85a7ac0 of 66 bytes failed: Only part of a ReadProcessMemory or WriteProcessMemory request was completed. (0x12B)
[0707/171711.987:ERROR:process_memory_win.cc(73)] ReadMemory at 0x1ffc85a7c00 of 62 bytes failed: Only part of a ReadProcessMemory or WriteProcessMemory request was completed. (0x12B)
[0707/171711.987:ERROR:process_memory_win.cc(73)] ReadMemory at 0x1ffc85a7cf0 of 62 bytes failed: Only part of a ReadProcessMemory or WriteProcessMemory request was completed. (0x12B)
[0707/171711.987:ERROR:process_memory_win.cc(73)] ReadMemory at 0x1ffc85a7de0 of 62 bytes failed: Only part of a ReadProcessMemory or WriteProcessMemory request was completed. (0x12B)
[0707/171711.987:ERROR:process_memory_win.cc(73)] ReadMemory at 0x1ffc85a7e30 of 62 bytes failed: Only part of a ReadProcessMemory or WriteProcessMemory request was completed. (0x12B)
[0707/171711.987:ERROR:process_memory_win.cc(73)] ReadMemory at 0x1ffc85a7fe0 of 132 bytes failed: Only part of a ReadProcessMemory or WriteProcessMemory request was completed. (0x12B)
[0707/171711.987:ERROR:process_memory_win.cc(73)] ReadMemory at 0x1ffc85a8110 of 132 bytes failed: Only part of a ReadProcessMemory or WriteProcessMemory request was completed. (0x12B)
[0707/171711.987:ERROR:process_memory_win.cc(73)] ReadMemory at 0x1ffc85a8240 of 132 bytes failed: Only part of a ReadProcessMemory or WriteProcessMemory request was completed. (0x12B)
[0707/171711.987:ERROR:process_memory_win.cc(73)] ReadMemory at 0x1ffc85a8370 of 132 bytes failed: Only part of a ReadProcessMemory or WriteProcessMemory request was completed. (0x12B)
[0707/171711.987:ERROR:process_memory_win.cc(73)] ReadMemory at 0x1ffc85a84a0 of 132 bytes failed: Only part of a ReadProcessMemory or WriteProcessMemory request was completed. (0x12B)
[0707/171711.987:ERROR:process_memory_win.cc(73)] ReadMemory at 0x1ffc85a85d0 of 132 bytes failed: Only part of a ReadProcessMemory or WriteProcessMemory request was completed. (0x12B)
[0707/171711.987:ERROR:process_memory_win.cc(73)] ReadMemory at 0x1ffc85a8700 of 132 bytes failed: Only part of a ReadProcessMemory or WriteProcessMemory request was completed. (0x12B)
[0707/171711.988:ERROR:process_memory_win.cc(73)] ReadMemory at 0x1ffc85a8830 of 132 bytes failed: Only part of a ReadProcessMemory or WriteProcessMemory request was completed. (0x12B)
[0707/171711.988:ERROR:process_memory_win.cc(73)] ReadMemory at 0x1ffc85a8960 of 132 bytes failed: Only part of a ReadProcessMemory or WriteProcessMemory request was completed. (0x12B)
[0707/171711.988:ERROR:process_memory_win.cc(73)] ReadMemory at 0x1ffc85a8a90 of 132 bytes failed: Only part of a ReadProcessMemory or WriteProcessMemory request was completed. (0x12B)
[0707/171711.988:ERROR:process_memory_win.cc(73)] ReadMemory at 0x1ffc85a8bc0 of 132 bytes failed: Only part of a ReadProcessMemory or WriteProcessMemory request was completed. (0x12B)
[0707/171711.988:ERROR:process_memory_win.cc(73)] ReadMemory at 0x1ffc85a8cf0 of 132 bytes failed: Only part of a ReadProcessMemory or WriteProcessMemory request was completed. (0x12B)
[0707/171711.988:ERROR:process_memory_win.cc(73)] ReadMemory at 0x1ffc85a92e0 of 132 bytes failed: Only part of a ReadProcessMemory or WriteProcessMemory request was completed. (0x12B)
[0707/171711.988:ERROR:process_memory_win.cc(73)] ReadMemory at 0x1ffc85a9410 of 132 bytes failed: Only part of a ReadProcessMemory or WriteProcessMemory request was completed. (0x12B)
[0707/171711.988:ERROR:process_memory_win.cc(73)] ReadMemory at 0x1ffc85a9540 of 132 bytes failed: Only part of a ReadProcessMemory or WriteProcessMemory request was completed. (0x12B)
[0707/171711.988:ERROR:process_memory_win.cc(73)] ReadMemory at 0x1ffc85a9670 of 132 bytes failed: Only part of a ReadProcessMemory or WriteProcessMemory request was completed. (0x12B)
[0707/171711.988:ERROR:process_memory_win.cc(73)] ReadMemory at 0x1ffc85a97a0 of 132 bytes failed: Only part of a ReadProcessMemory or WriteProcessMemory request was completed. (0x12B)
[0707/171711.988:ERROR:process_memory_win.cc(73)] ReadMemory at 0x1ffc85a98d0 of 132 bytes failed: Only part of a ReadProcessMemory or WriteProcessMemory request was completed. (0x12B)
[0707/171711.988:ERROR:process_memory_win.cc(73)] ReadMemory at 0x1ffc85a9a00 of 132 bytes failed: Only part of a ReadProcessMemory or WriteProcessMemory request was completed. (0x12B)
[0707/171711.988:ERROR:process_memory_win.cc(73)] ReadMemory at 0x1ffc85a9b30 of 132 bytes failed: Only part of a ReadProcessMemory or WriteProcessMemory request was completed. (0x12B)
[0707/171711.988:ERROR:process_memory_win.cc(73)] ReadMemory at 0x1ffc85a9c60 of 132 bytes failed: Only part of a ReadProcessMemory or WriteProcessMemory request was completed. (0x12B)
[0707/171711.988:ERROR:process_memory_win.cc(73)] ReadMemory at 0x1ffc85a9d90 of 132 bytes failed: Only part of a ReadProcessMemory or WriteProcessMemory request was completed. (0x12B)
[0707/171711.988:ERROR:process_memory_win.cc(73)] ReadMemory at 0x1ffc85bbd00 of 60 bytes failed: Only part of a ReadProcessMemory or WriteProcessMemory request was completed. (0x12B)
[0707/171711.989:ERROR:process_memory_win.cc(73)] ReadMemory at 0x1ffc85bbd50 of 66 bytes failed: Only part of a ReadProcessMemory or WriteProcessMemory request was completed. (0x12B)
[0707/171711.989:ERROR:process_memory_win.cc(73)] ReadMemory at 0x1ffc85bc020 of 58 bytes failed: Only part of a ReadProcessMemory or WriteProcessMemory request was completed. (0x12B)
[0707/171711.989:ERROR:process_memory_win.cc(73)] ReadMemory at 0x1ffc85bc200 of 58 bytes failed: Only part of a ReadProcessMemory or WriteProcessMemory request was completed. (0x12B)
[0707/171711.989:ERROR:process_memory_win.cc(73)] ReadMemory at 0x1ffc85bc5c0 of 58 bytes failed: Only part of a ReadProcessMemory or WriteProcessMemory request was completed. (0x12B)
[0707/171711.989:ERROR:process_memory_win.cc(73)] ReadMemory at 0x1ffc85bc660 of 62 bytes failed: Only part of a ReadProcessMemory or WriteProcessMemory request was completed. (0x12B)
[0707/171711.989:ERROR:process_memory_win.cc(73)] ReadMemory at 0x1ffc85bc840 of 62 bytes failed: Only part of a ReadProcessMemory or WriteProcessMemory request was completed. (0x12B)
[0707/171711.989:ERROR:process_memory_win.cc(73)] ReadMemory at 0x1ffc85bcc50 of 60 bytes failed: Only part of a ReadProcessMemory or WriteProcessMemory request was completed. (0x12B)
[0707/171711.989:ERROR:process_memory_win.cc(73)] ReadMemory at 0x1ffc8a12140 of 512 bytes failed: Only part of a ReadProcessMemory or WriteProcessMemory request was completed. (0x12B)
[0707/171711.989:ERROR:process_memory_win.cc(73)] ReadMemory at 0x1ffc8be0da0 of 512 bytes failed: Only part of a ReadProcessMemory or WriteProcessMemory request was completed. (0x12B)
[0707/171711.989:ERROR:process_memory_win.cc(73)] ReadMemory at 0x36b592088b28 of 512 bytes failed: Only part of a ReadProcessMemory or WriteProcessMemory request was completed. (0x12B)
[0707/171712.001:ERROR:scoped_process_suspend.cc(40)] NtResumeProcess: An attempt was made to access an exiting process. (0xc000010a)
